<?xml version="1.0" encoding="UTF-8"?>
<!-- Generated by org.testng.reporters.JUnitXMLReporter -->
<testsuite ignored="0" hostname="DESKTOP-FDJKT0L" failures="0" tests="3" name="Free CRM Test" time="8.844" errors="0" timestamp="2023-09-28T08:02:33 IST">
  <testcase classname="com.crm.qa.testcases.LoginPageTest" name="loginPageTitleTest" time="0.021"/>
  <testcase classname="com.crm.qa.testcases.LoginPageTest" name="fbLogoImageTest" time="0.174"/>
  <testcase classname="com.crm.qa.testcases.LoginPageTest" name="loginTest" time="0.399"/>
</testsuite> <!-- Free CRM Test -->
