<?xml version="1.0" encoding="UTF-8"?>
<!-- Generated by org.testng.reporters.JUnitXMLReporter -->
<testsuite ignored="0" hostname="DESKTOP-FDJKT0L" failures="0" tests="3" name="Free CRM Test" time="9.773" errors="0" timestamp="2023-09-27T16:26:33 IST">
  <testcase classname="com.crm.qa.testcases.LoginPageTest" name="loginPageTitleTest" time="0.02"/>
  <testcase classname="com.crm.qa.testcases.LoginPageTest" name="fbLogoImageTest" time="0.19"/>
  <testcase classname="com.crm.qa.testcases.LoginPageTest" name="loginTest" time="0.379"/>
</testsuite> <!-- Free CRM Test -->
