<?xml version="1.0" encoding="UTF-8"?>
<!-- Generated by org.testng.reporters.JUnitXMLReporter -->
<testsuite ignored="0" hostname="DESKTOP-FDJKT0L" failures="0" tests="3" name="Free CRM Test" time="9.103" errors="0" timestamp="2023-09-26T20:34:59 IST">
  <testcase classname="com.crm.qa.testcases.LoginPageTest" name="loginPageTitleTest" time="0.016"/>
  <testcase classname="com.crm.qa.testcases.LoginPageTest" name="fbLogoImageTest" time="0.143"/>
  <testcase classname="com.crm.qa.testcases.LoginPageTest" name="loginTest" time="0.545"/>
</testsuite> <!-- Free CRM Test -->
