<?xml version="1.0" encoding="UTF-8"?>
<!-- Generated by org.testng.reporters.JUnitXMLReporter -->
<testsuite ignored="0" hostname="DESKTOP-FDJKT0L" failures="0" tests="3" name="Surefire test" time="10.344" errors="0" timestamp="2023-09-27T19:02:03 IST">
  <testcase classname="com.crm.qa.testcases.LoginPageTest" name="loginPageTitleTest" time="0.014"/>
  <testcase classname="com.crm.qa.testcases.LoginPageTest" name="fbLogoImageTest" time="0.114"/>
  <testcase classname="com.crm.qa.testcases.LoginPageTest" name="loginTest" time="0.433"/>
</testsuite> <!-- Surefire test -->
