<?xml version="1.0" encoding="UTF-8"?>
<!-- Generated by org.testng.reporters.JUnitXMLReporter -->
<testsuite ignored="0" hostname="DESKTOP-FDJKT0L" failures="0" tests="3" name="Default test" time="11.593" errors="0" timestamp="2023-09-27T18:19:57 IST">
  <testcase classname="com.crm.qa.testcases.LoginPageTest" name="loginPageTitleTest" time="0.079"/>
  <testcase classname="com.crm.qa.testcases.LoginPageTest" name="fbLogoImageTest" time="0.206"/>
  <testcase classname="com.crm.qa.testcases.LoginPageTest" name="loginTest" time="0.52"/>
</testsuite> <!-- Default test -->
