<?xml version="1.0" encoding="UTF-8"?>
<testng-results ignored="0" total="3" passed="3" failed="0" skipped="0">
  <reporter-output>
  </reporter-output>
  <suite started-at="2023-09-27T19:01:52 IST" name="Surefire suite" finished-at="2023-09-27T19:02:03 IST" duration-ms="10344">
    <groups>
    </groups>
    <test started-at="2023-09-27T19:01:52 IST" name="Surefire test" finished-at="2023-09-27T19:02:03 IST" duration-ms="10344">
      <class name="com.crm.qa.testcases.LoginPageTest">
        <test-method is-config="true" signature="setUp()[pri:0, instance:com.crm.qa.testcases.LoginPageTest@18a70f16]" started-at="2023-09-27T19:01:52 IST" name="setUp" finished-at="2023-09-27T19:01:56 IST" duration-ms="3629" status="PASS">
          <reporter-output>
          </reporter-output>
        </test-method> <!-- setUp -->
        <test-method signature="loginPageTitleTest()[pri:1, instance:com.crm.qa.testcases.LoginPageTest@18a70f16]" started-at="2023-09-27T19:01:56 IST" name="loginPageTitleTest" finished-at="2023-09-27T19:01:56 IST" duration-ms="14" status="PASS">
          <reporter-output>
          </reporter-output>
        </test-method> <!-- loginPageTitleTest -->
        <test-method is-config="true" signature="tearDown()[pri:0, instance:com.crm.qa.testcases.LoginPageTest@18a70f16]" started-at="2023-09-27T19:01:56 IST" name="tearDown" finished-at="2023-09-27T19:01:57 IST" duration-ms="424" status="PASS">
          <reporter-output>
          </reporter-output>
        </test-method> <!-- tearDown -->
        <test-method is-config="true" signature="setUp()[pri:0, instance:com.crm.qa.testcases.LoginPageTest@18a70f16]" started-at="2023-09-27T19:01:57 IST" name="setUp" finished-at="2023-09-27T19:01:59 IST" duration-ms="2642" status="PASS">
          <reporter-output>
          </reporter-output>
        </test-method> <!-- setUp -->
        <test-method signature="fbLogoImageTest()[pri:2, instance:com.crm.qa.testcases.LoginPageTest@18a70f16]" started-at="2023-09-27T19:01:59 IST" name="fbLogoImageTest" finished-at="2023-09-27T19:01:59 IST" duration-ms="114" status="PASS">
          <reporter-output>
          </reporter-output>
        </test-method> <!-- fbLogoImageTest -->
        <test-method is-config="true" signature="tearDown()[pri:0, instance:com.crm.qa.testcases.LoginPageTest@18a70f16]" started-at="2023-09-27T19:01:59 IST" name="tearDown" finished-at="2023-09-27T19:02:00 IST" duration-ms="238" status="PASS">
          <reporter-output>
          </reporter-output>
        </test-method> <!-- tearDown -->
        <test-method is-config="true" signature="setUp()[pri:0, instance:com.crm.qa.testcases.LoginPageTest@18a70f16]" started-at="2023-09-27T19:02:00 IST" name="setUp" finished-at="2023-09-27T19:02:02 IST" duration-ms="2483" status="PASS">
          <reporter-output>
          </reporter-output>
        </test-method> <!-- setUp -->
        <test-method signature="loginTest()[pri:3, instance:com.crm.qa.testcases.LoginPageTest@18a70f16]" started-at="2023-09-27T19:02:02 IST" name="loginTest" finished-at="2023-09-27T19:02:02 IST" duration-ms="433" status="PASS">
          <reporter-output>
          </reporter-output>
        </test-method> <!-- loginTest -->
        <test-method is-config="true" signature="tearDown()[pri:0, instance:com.crm.qa.testcases.LoginPageTest@18a70f16]" started-at="2023-09-27T19:02:02 IST" name="tearDown" finished-at="2023-09-27T19:02:03 IST" duration-ms="276" status="PASS">
          <reporter-output>
          </reporter-output>
        </test-method> <!-- tearDown -->
      </class> <!-- com.crm.qa.testcases.LoginPageTest -->
    </test> <!-- Surefire test -->
  </suite> <!-- Surefire suite -->
</testng-results>
