<?xml version="1.0" encoding="UTF-8"?>
<testsuite xmlns:xsi="http://www.w3.org/2001/XMLSchema-instance" xsi:noNamespaceSchemaLocation="https://maven.apache.org/surefire/maven-surefire-plugin/xsd/surefire-test-report.xsd" name="com.crm.qa.testcases.LoginPageTest" time="11.042" tests="3" errors="0" skipped="0" failures="0">
  <properties>
[...]
</properties>
  <testcase name="loginPageTitleTest" classname="com.crm.qa.testcases.LoginPageTest" time="0.022"/>
  <testcase name="fbLogoImageTest" classname="com.crm.qa.testcases.LoginPageTest" time="0.114"/>
  <testcase name="loginTest" classname="com.crm.qa.testcases.LoginPageTest" time="0.436"/>
</testsuite>