<?xml version="1.0" encoding="UTF-8"?>
<testng-results ignored="0" total="3" passed="3" failed="0" skipped="0">
  <reporter-output>
  </reporter-output>
  <suite started-at="2023-09-27T18:19:45 IST" name="Default suite" finished-at="2023-09-27T18:19:57 IST" duration-ms="11593">
    <groups>
    </groups>
    <test started-at="2023-09-27T18:19:45 IST" name="Default test" finished-at="2023-09-27T18:19:57 IST" duration-ms="11593">
      <class name="com.crm.qa.testcases.LoginPageTest">
        <test-method is-config="true" signature="setUp()[pri:0, instance:com.crm.qa.testcases.LoginPageTest@564fabc8]" started-at="2023-09-27T18:19:45 IST" name="setUp" finished-at="2023-09-27T18:19:50 IST" duration-ms="4518" status="PASS">
          <reporter-output>
          </reporter-output>
        </test-method> <!-- setUp -->
        <test-method signature="loginPageTitleTest()[pri:1, instance:com.crm.qa.testcases.LoginPageTest@564fabc8]" started-at="2023-09-27T18:19:50 IST" name="loginPageTitleTest" finished-at="2023-09-27T18:19:50 IST" duration-ms="79" status="PASS">
          <reporter-output>
          </reporter-output>
        </test-method> <!-- loginPageTitleTest -->
        <test-method is-config="true" signature="tearDown()[pri:0, instance:com.crm.qa.testcases.LoginPageTest@564fabc8]" started-at="2023-09-27T18:19:50 IST" name="tearDown" finished-at="2023-09-27T18:19:51 IST" duration-ms="484" status="PASS">
          <reporter-output>
          </reporter-output>
        </test-method> <!-- tearDown -->
        <test-method is-config="true" signature="setUp()[pri:0, instance:com.crm.qa.testcases.LoginPageTest@564fabc8]" started-at="2023-09-27T18:19:51 IST" name="setUp" finished-at="2023-09-27T18:19:53 IST" duration-ms="2638" status="PASS">
          <reporter-output>
          </reporter-output>
        </test-method> <!-- setUp -->
        <test-method signature="fbLogoImageTest()[pri:2, instance:com.crm.qa.testcases.LoginPageTest@564fabc8]" started-at="2023-09-27T18:19:53 IST" name="fbLogoImageTest" finished-at="2023-09-27T18:19:53 IST" duration-ms="206" status="PASS">
          <reporter-output>
          </reporter-output>
        </test-method> <!-- fbLogoImageTest -->
        <test-method is-config="true" signature="tearDown()[pri:0, instance:com.crm.qa.testcases.LoginPageTest@564fabc8]" started-at="2023-09-27T18:19:53 IST" name="tearDown" finished-at="2023-09-27T18:19:54 IST" duration-ms="236" status="PASS">
          <reporter-output>
          </reporter-output>
        </test-method> <!-- tearDown -->
        <test-method is-config="true" signature="setUp()[pri:0, instance:com.crm.qa.testcases.LoginPageTest@564fabc8]" started-at="2023-09-27T18:19:54 IST" name="setUp" finished-at="2023-09-27T18:19:56 IST" duration-ms="2555" status="PASS">
          <reporter-output>
          </reporter-output>
        </test-method> <!-- setUp -->
        <test-method signature="loginTest()[pri:3, instance:com.crm.qa.testcases.LoginPageTest@564fabc8]" started-at="2023-09-27T18:19:56 IST" name="loginTest" finished-at="2023-09-27T18:19:57 IST" duration-ms="520" status="PASS">
          <reporter-output>
          </reporter-output>
        </test-method> <!-- loginTest -->
        <test-method is-config="true" signature="tearDown()[pri:0, instance:com.crm.qa.testcases.LoginPageTest@564fabc8]" started-at="2023-09-27T18:19:57 IST" name="tearDown" finished-at="2023-09-27T18:19:57 IST" duration-ms="253" status="PASS">
          <reporter-output>
          </reporter-output>
        </test-method> <!-- tearDown -->
      </class> <!-- com.crm.qa.testcases.LoginPageTest -->
    </test> <!-- Default test -->
  </suite> <!-- Default suite -->
</testng-results>
