<?xml version="1.0" encoding="UTF-8"?>
<testng-results ignored="0" total="1" passed="1" failed="0" skipped="0">
  <reporter-output>
  </reporter-output>
  <suite started-at="2023-09-28T21:01:05 IST" name="Default suite" finished-at="2023-09-28T21:01:09 IST" duration-ms="3352">
    <groups>
    </groups>
    <test started-at="2023-09-28T21:01:05 IST" name="Default test" finished-at="2023-09-28T21:01:09 IST" duration-ms="3352">
      <class name="com.crm.qa.testcases.LoginPageTest">
        <test-method is-config="true" signature="setUp()[pri:0, instance:com.crm.qa.testcases.LoginPageTest@6e35bc3d]" started-at="2023-09-28T21:01:05 IST" name="setUp" finished-at="2023-09-28T21:01:08 IST" duration-ms="2968" status="PASS">
          <reporter-output>
          </reporter-output>
        </test-method> <!-- setUp -->
        <test-method signature="loginPageTitleTest()[pri:1, instance:com.crm.qa.testcases.LoginPageTest@6e35bc3d]" started-at="2023-09-28T21:01:08 IST" name="loginPageTitleTest" finished-at="2023-09-28T21:01:08 IST" duration-ms="35" status="PASS">
          <reporter-output>
          </reporter-output>
        </test-method> <!-- loginPageTitleTest -->
        <test-method is-config="true" signature="tearDown()[pri:0, instance:com.crm.qa.testcases.LoginPageTest@6e35bc3d]" started-at="2023-09-28T21:01:08 IST" name="tearDown" finished-at="2023-09-28T21:01:09 IST" duration-ms="298" status="PASS">
          <reporter-output>
          </reporter-output>
        </test-method> <!-- tearDown -->
      </class> <!-- com.crm.qa.testcases.LoginPageTest -->
    </test> <!-- Default test -->
  </suite> <!-- Default suite -->
</testng-results>
